{"uid":"320c12bdbc9c64c3","name":"Users can select a plan when signing up","fullName":"features/FreeRangeNavegacion.feature:30","historyId":"31d2735329eac01b40bad49daa4ba687","time":{"start":1769845665192,"stop":1769845695283,"duration":30091},"description":"  To see the subpages\n  Without logging in\n  I can click the navigation bar links","descriptionHtml":"<p>To see the subpages<br />\nWithout logging in<br />\nI can click the navigation bar links</p>\n","status":"broken","statusMessage":"Expected condition failed: waiting for url to contain \"payment\". Current url: \"https://www.freerangetesters.com/checkout/cart\"\n(tried for 10 seconds with 500 milliseconds interval)\nBuild info: version: '4.40.0', revision: 'b3333f1'\nSystem info: os.name: 'Linux', os.arch: 'amd64', os.version: '6.11.0-1018-azure', java.version: '17.0.18'\nDriver info: org.openqa.selenium.chrome.ChromeDriver\nCapabilities {acceptInsecureCerts: false, browserName: chrome, browserVersion: 144.0.7559.96, chrome: {chromedriverVersion: 144.0.7559.109 (6a8d5e49388..., userDataDir: /tmp/org.chromium.Chromium....}, fedcm:accounts: true, goog:chromeOptions: {debuggerAddress: localhost:45271}, goog:processID: 2539, networkConnectionEnabled: false, pageLoadStrategy: normal, platformName: linux, proxy: Proxy(), se:cdp: ws://localhost:45271/devtoo..., se:cdpVersion: 144.0.7559.96, setWindowRect: true, strictFileInteractability: false, timeouts: {implicit: 0, pageLoad: 300000, script: 30000}, unhandledPromptBehavior: dismiss and notify, webauthn:extension:credBlob: true, webauthn:extension:largeBlob: true, webauthn:extension:minPinLength: true, webauthn:extension:prf: true, webauthn:virtualAuthenticators: true}\nSession ID: e81fdde3ecae56152567f73e6ca5f98b","statusTrace":"org.openqa.selenium.TimeoutException: Expected condition failed: waiting for url to contain \"payment\". Current url: \"https://www.freerangetesters.com/checkout/cart\"\n(tried for 10 seconds with 500 milliseconds interval)\nBuild info: version: '4.40.0', revision: 'b3333f1'\nSystem info: os.name: 'Linux', os.arch: 'amd64', os.version: '6.11.0-1018-azure', java.version: '17.0.18'\nDriver info: org.openqa.selenium.chrome.ChromeDriver\nCapabilities {acceptInsecureCerts: false, browserName: chrome, browserVersion: 144.0.7559.96, chrome: {chromedriverVersion: 144.0.7559.109 (6a8d5e49388..., userDataDir: /tmp/org.chromium.Chromium....}, fedcm:accounts: true, goog:chromeOptions: {debuggerAddress: localhost:45271}, goog:processID: 2539, networkConnectionEnabled: false, pageLoadStrategy: normal, platformName: linux, proxy: Proxy(), se:cdp: ws://localhost:45271/devtoo..., se:cdpVersion: 144.0.7559.96, setWindowRect: true, strictFileInteractability: false, timeouts: {implicit: 0, pageLoad: 300000, script: 30000}, unhandledPromptBehavior: dismiss and notify, webauthn:extension:credBlob: true, webauthn:extension:largeBlob: true, webauthn:extension:minPinLength: true, webauthn:extension:prf: true, webauthn:virtualAuthenticators: true}\nSession ID: e81fdde3ecae56152567f73e6ca5f98b\n\tat org.openqa.selenium.support.ui.WebDriverWait.timeoutException(WebDriverWait.java:84)\n\tat org.openqa.selenium.support.ui.FluentWait.until(FluentWait.java:231)\n\tat pages.PaginaRegistro.waitUntilCheckoutIsLoaded(PaginaRegistro.java:13)\n\tat steps.FreeRangeSteps.iAmRedirectedToCheckout(FreeRangeSteps.java:44)\n\tat ✽.I am redirected to the checkout page(classpath:features/FreeRangeNavegacion.feature:33)\n","flaky":false,"newFailed":false,"newBroken":false,"newPassed":false,"retriesCount":0,"retriesStatusChange":false,"beforeStages":[{"name":"hooks.Hooks.beforeScenario()","time":{"start":1769845665195,"stop":1769845668881,"duration":3686},"status":"passed","steps":[],"attachments":[],"parameters":[],"shouldDisplayMessage":false,"stepsCount":0,"attachmentsCount":0,"hasContent":false,"attachmentStep":false}],"testStage":{"description":"  To see the subpages\n  Without logging in\n  I can click the navigation bar links","status":"broken","statusMessage":"Expected condition failed: waiting for url to contain \"payment\". Current url: \"https://www.freerangetesters.com/checkout/cart\"\n(tried for 10 seconds with 500 milliseconds interval)\nBuild info: version: '4.40.0', revision: 'b3333f1'\nSystem info: os.name: 'Linux', os.arch: 'amd64', os.version: '6.11.0-1018-azure', java.version: '17.0.18'\nDriver info: org.openqa.selenium.chrome.ChromeDriver\nCapabilities {acceptInsecureCerts: false, browserName: chrome, browserVersion: 144.0.7559.96, chrome: {chromedriverVersion: 144.0.7559.109 (6a8d5e49388..., userDataDir: /tmp/org.chromium.Chromium....}, fedcm:accounts: true, goog:chromeOptions: {debuggerAddress: localhost:45271}, goog:processID: 2539, networkConnectionEnabled: false, pageLoadStrategy: normal, platformName: linux, proxy: Proxy(), se:cdp: ws://localhost:45271/devtoo..., se:cdpVersion: 144.0.7559.96, setWindowRect: true, strictFileInteractability: false, timeouts: {implicit: 0, pageLoad: 300000, script: 30000}, unhandledPromptBehavior: dismiss and notify, webauthn:extension:credBlob: true, webauthn:extension:largeBlob: true, webauthn:extension:minPinLength: true, webauthn:extension:prf: true, webauthn:virtualAuthenticators: true}\nSession ID: e81fdde3ecae56152567f73e6ca5f98b","statusTrace":"org.openqa.selenium.TimeoutException: Expected condition failed: waiting for url to contain \"payment\". Current url: \"https://www.freerangetesters.com/checkout/cart\"\n(tried for 10 seconds with 500 milliseconds interval)\nBuild info: version: '4.40.0', revision: 'b3333f1'\nSystem info: os.name: 'Linux', os.arch: 'amd64', os.version: '6.11.0-1018-azure', java.version: '17.0.18'\nDriver info: org.openqa.selenium.chrome.ChromeDriver\nCapabilities {acceptInsecureCerts: false, browserName: chrome, browserVersion: 144.0.7559.96, chrome: {chromedriverVersion: 144.0.7559.109 (6a8d5e49388..., userDataDir: /tmp/org.chromium.Chromium....}, fedcm:accounts: true, goog:chromeOptions: {debuggerAddress: localhost:45271}, goog:processID: 2539, networkConnectionEnabled: false, pageLoadStrategy: normal, platformName: linux, proxy: Proxy(), se:cdp: ws://localhost:45271/devtoo..., se:cdpVersion: 144.0.7559.96, setWindowRect: true, strictFileInteractability: false, timeouts: {implicit: 0, pageLoad: 300000, script: 30000}, unhandledPromptBehavior: dismiss and notify, webauthn:extension:credBlob: true, webauthn:extension:largeBlob: true, webauthn:extension:minPinLength: true, webauthn:extension:prf: true, webauthn:virtualAuthenticators: true}\nSession ID: e81fdde3ecae56152567f73e6ca5f98b\n\tat org.openqa.selenium.support.ui.WebDriverWait.timeoutException(WebDriverWait.java:84)\n\tat org.openqa.selenium.support.ui.FluentWait.until(FluentWait.java:231)\n\tat pages.PaginaRegistro.waitUntilCheckoutIsLoaded(PaginaRegistro.java:13)\n\tat steps.FreeRangeSteps.iAmRedirectedToCheckout(FreeRangeSteps.java:44)\n\tat ✽.I am redirected to the checkout page(classpath:features/FreeRangeNavegacion.feature:33)\n","steps":[{"name":"Given I navigate to FreeRangeTesters","time":{"start":1769845668882,"stop":1769845674680,"duration":5798},"status":"passed","steps":[],"attachments":[],"parameters":[],"shouldDisplayMessage":false,"stepsCount":0,"attachmentsCount":0,"hasContent":false,"attachmentStep":false},{"name":"When I go to Cursos using the navigation bar","time":{"start":1769845674765,"stop":1769845682485,"duration":7720},"status":"passed","steps":[],"attachments":[],"parameters":[],"shouldDisplayMessage":false,"stepsCount":0,"attachmentsCount":0,"hasContent":false,"attachmentStep":false},{"name":"And I select Elegir Plan","time":{"start":1769845682486,"stop":1769845684988,"duration":2502},"status":"passed","steps":[],"attachments":[],"parameters":[],"shouldDisplayMessage":false,"stepsCount":0,"attachmentsCount":0,"hasContent":false,"attachmentStep":false},{"name":"Then I am redirected to the checkout page","time":{"start":1769845684988,"stop":1769845695103,"duration":10115},"status":"broken","statusMessage":"Expected condition failed: waiting for url to contain \"payment\". Current url: \"https://www.freerangetesters.com/checkout/cart\"\n(tried for 10 seconds with 500 milliseconds interval)\nBuild info: version: '4.40.0', revision: 'b3333f1'\nSystem info: os.name: 'Linux', os.arch: 'amd64', os.version: '6.11.0-1018-azure', java.version: '17.0.18'\nDriver info: org.openqa.selenium.chrome.ChromeDriver\nCapabilities {acceptInsecureCerts: false, browserName: chrome, browserVersion: 144.0.7559.96, chrome: {chromedriverVersion: 144.0.7559.109 (6a8d5e49388..., userDataDir: /tmp/org.chromium.Chromium....}, fedcm:accounts: true, goog:chromeOptions: {debuggerAddress: localhost:45271}, goog:processID: 2539, networkConnectionEnabled: false, pageLoadStrategy: normal, platformName: linux, proxy: Proxy(), se:cdp: ws://localhost:45271/devtoo..., se:cdpVersion: 144.0.7559.96, setWindowRect: true, strictFileInteractability: false, timeouts: {implicit: 0, pageLoad: 300000, script: 30000}, unhandledPromptBehavior: dismiss and notify, webauthn:extension:credBlob: true, webauthn:extension:largeBlob: true, webauthn:extension:minPinLength: true, webauthn:extension:prf: true, webauthn:virtualAuthenticators: true}\nSession ID: e81fdde3ecae56152567f73e6ca5f98b","statusTrace":"org.openqa.selenium.TimeoutException: Expected condition failed: waiting for url to contain \"payment\". Current url: \"https://www.freerangetesters.com/checkout/cart\"\n(tried for 10 seconds with 500 milliseconds interval)\nBuild info: version: '4.40.0', revision: 'b3333f1'\nSystem info: os.name: 'Linux', os.arch: 'amd64', os.version: '6.11.0-1018-azure', java.version: '17.0.18'\nDriver info: org.openqa.selenium.chrome.ChromeDriver\nCapabilities {acceptInsecureCerts: false, browserName: chrome, browserVersion: 144.0.7559.96, chrome: {chromedriverVersion: 144.0.7559.109 (6a8d5e49388..., userDataDir: /tmp/org.chromium.Chromium....}, fedcm:accounts: true, goog:chromeOptions: {debuggerAddress: localhost:45271}, goog:processID: 2539, networkConnectionEnabled: false, pageLoadStrategy: normal, platformName: linux, proxy: Proxy(), se:cdp: ws://localhost:45271/devtoo..., se:cdpVersion: 144.0.7559.96, setWindowRect: true, strictFileInteractability: false, timeouts: {implicit: 0, pageLoad: 300000, script: 30000}, unhandledPromptBehavior: dismiss and notify, webauthn:extension:credBlob: true, webauthn:extension:largeBlob: true, webauthn:extension:minPinLength: true, webauthn:extension:prf: true, webauthn:virtualAuthenticators: true}\nSession ID: e81fdde3ecae56152567f73e6ca5f98b\n\tat org.openqa.selenium.support.ui.WebDriverWait.timeoutException(WebDriverWait.java:84)\n\tat org.openqa.selenium.support.ui.FluentWait.until(FluentWait.java:231)\n\tat pages.PaginaRegistro.waitUntilCheckoutIsLoaded(PaginaRegistro.java:13)\n\tat steps.FreeRangeSteps.iAmRedirectedToCheckout(FreeRangeSteps.java:44)\n\tat ✽.I am redirected to the checkout page(classpath:features/FreeRangeNavegacion.feature:33)\n","steps":[],"attachments":[],"parameters":[],"shouldDisplayMessage":true,"stepsCount":0,"attachmentsCount":0,"hasContent":true,"attachmentStep":false}],"attachments":[],"parameters":[],"shouldDisplayMessage":false,"stepsCount":4,"attachmentsCount":0,"hasContent":true,"attachmentStep":false},"afterStages":[{"name":"hooks.Hooks.afterScenario(io.cucumber.java.Scenario)","time":{"start":1769845695104,"stop":1769845695279,"duration":175},"status":"passed","steps":[],"attachments":[{"uid":"19bd172ea68ab8f9","name":"Screenshot on failure","source":"19bd172ea68ab8f9.png","type":"image/png","size":94562},{"uid":"aca9a60ae0b5de45","name":"Failure details","source":"aca9a60ae0b5de45.txt","type":"text/plain","size":121}],"parameters":[],"shouldDisplayMessage":false,"stepsCount":0,"attachmentsCount":2,"hasContent":true,"attachmentStep":false}],"labels":[{"name":"tag","value":"Navigation"},{"name":"tag","value":"Plans"},{"name":"host","value":"runnervmkj6or"},{"name":"thread","value":"2367@runnervmkj6or.ForkJoinPool-2-worker-1(18)"},{"name":"feature","value":"Navigation bar"},{"name":"story","value":"Users can select a plan when signing up"},{"name":"suite","value":"Navigation bar"},{"name":"testClass","value":"Users can select a plan when signing up"},{"name":"framework","value":"cucumber4jvm"},{"name":"language","value":"java"},{"name":"gherkin_uri","value":"classpath:features/FreeRangeNavegacion.feature"},{"name":"package","value":"features.FreeRangeNavegacion_feature.Navigation bar"},{"name":"resultFormat","value":"allure2"}],"parameters":[],"links":[],"hidden":false,"retry":false,"extra":{"severity":"normal","retries":[],"categories":[{"name":"Test defects","matchedStatuses":[],"flaky":false}],"history":{"statistic":{"failed":0,"broken":2,"skipped":0,"passed":4,"unknown":0,"total":6},"items":[{"uid":"5fa1da8b64c19a08","status":"broken","statusDetails":"Expected condition failed: waiting for url to contain \"payment\". Current url: \"https://www.freerangetesters.com/checkout/cart\"\n(tried for 10 seconds with 500 milliseconds interval)\nBuild info: version: '4.40.0', revision: 'b3333f1'\nSystem info: os.name: 'Linux', os.arch: 'amd64', os.version: '6.11.0-1018-azure', java.version: '17.0.18'\nDriver info: org.openqa.selenium.chrome.ChromeDriver\nCapabilities {acceptInsecureCerts: false, browserName: chrome, browserVersion: 144.0.7559.96, chrome: {chromedriverVersion: 144.0.7559.109 (6a8d5e49388..., userDataDir: /tmp/org.chromium.Chromium....}, fedcm:accounts: true, goog:chromeOptions: {debuggerAddress: localhost:38577}, goog:processID: 2559, networkConnectionEnabled: false, pageLoadStrategy: normal, platformName: linux, proxy: Proxy(), se:cdp: ws://localhost:38577/devtoo..., se:cdpVersion: 144.0.7559.96, setWindowRect: true, strictFileInteractability: false, timeouts: {implicit: 0, pageLoad: 300000, script: 30000}, unhandledPromptBehavior: dismiss and notify, webauthn:extension:credBlob: true, webauthn:extension:largeBlob: true, webauthn:extension:minPinLength: true, webauthn:extension:prf: true, webauthn:virtualAuthenticators: true}\nSession ID: 6d623635ad3206034bfa0aedfa9a9b1d","time":{"start":1769843259197,"stop":1769843290696,"duration":31499}},{"uid":"e09af9c4080a7735","status":"passed","time":{"start":1769664362056,"stop":1769664391765,"duration":29709}},{"uid":"73c1cda0d995aaca","status":"passed","time":{"start":1769141004409,"stop":1769141036548,"duration":32139}},{"uid":"6d306d1e79d1c19a","status":"passed","time":{"start":1769123383247,"stop":1769123427150,"duration":43903}},{"uid":"a91667c7e743a09a","status":"passed","time":{"start":1769109636884,"stop":1769109665425,"duration":28541}}]},"tags":["Navigation","Plans"]},"source":"320c12bdbc9c64c3.json","parameterValues":[]}